{
  "RSpec": {
    "coverage": {
      "/Users/weston/Desktop/Night_Writer/spec/night_writer_spec.rb": {
        "lines": [
          1,
          2,
          null,
          1,
          1,
          1,
          1,
          1,
          1,
          null,
          null,
          null
        ]
      },
      "/Users/weston/Desktop/Night_Writer/spec/latin_to_braille_spec.rb": {
        "lines": [
          1,
          1,
          null,
          1,
          1,
          1,
          1,
          null,
          null,
          1,
          1,
          1,
          null,
          null,
          1,
          1,
          1,
          null,
          null,
          1,
          1,
          1,
          1,
          1,
          null,
          null,
          1,
          1,
          1,
          null,
          null,
          1,
          1,
          1,
          null,
          null,
          1,
          1,
          1,
          null,
          null,
          1,
          1,
          1,
          null,
          null,
          null,
          null
        ]
      },
      "/Users/weston/Desktop/Night_Writer/lib/latin_to_braille.rb": {
        "lines": [
          1,
          null,
          1,
          null,
          null,
          null,
          null,
          null,
          null,
          null,
          null,
          null,
          null,
          null,
          null,
          null,
          null,
          null,
          null,
          null,
          null,
          null,
          null,
          null,
          null,
          null,
          null,
          null,
          null,
          null,
          null,
          null,
          null,
          null,
          1,
          null,
          null,
          null,
          null,
          null,
          null,
          null,
          null,
          null,
          null,
          null,
          1,
          9,
          9,
          80,
          2,
          2,
          null,
          78,
          null,
          null,
          9,
          null,
          null,
          1,
          8,
          8,
          80,
          80,
          null,
          8,
          null,
          null,
          1,
          8,
          null,
          null,
          1,
          6,
          6,
          null,
          null,
          1,
          6,
          6,
          null,
          null,
          1,
          0,
          0,
          0,
          0,
          null,
          null,
          1,
          0,
          null,
          null,
          1,
          6,
          6,
          82,
          0,
          null,
          82,
          null,
          6,
          null,
          null,
          1,
          82,
          82,
          82,
          82,
          null,
          null,
          1,
          1,
          null,
          null
        ]
      },
      "/Users/weston/Desktop/Night_Writer/spec/braille_to_latin_spec.rb": {
        "lines": [
          1,
          1,
          null,
          1,
          1,
          1,
          1,
          null,
          null,
          1,
          1,
          1,
          null,
          null,
          1,
          1,
          1,
          null,
          null,
          null,
          1,
          null,
          1,
          1,
          1,
          null,
          null,
          1,
          1,
          1,
          null,
          null,
          null,
          null
        ]
      },
      "/Users/weston/Desktop/Night_Writer/lib/braille_to_latin.rb": {
        "lines": [
          1,
          1,
          null,
          1,
          null,
          null,
          1,
          null,
          null,
          null,
          null,
          null,
          null,
          null,
          null,
          null,
          null,
          null,
          1,
          29,
          null,
          null,
          1,
          5,
          5,
          31,
          31,
          null,
          5,
          null,
          null,
          1,
          31,
          3,
          28,
          2,
          null,
          26,
          null,
          null,
          null,
          1,
          3,
          3,
          3,
          3,
          null,
          null,
          1,
          3,
          30,
          30,
          null,
          null,
          1,
          12,
          null,
          null,
          1,
          3,
          3,
          9,
          9,
          9,
          null,
          3,
          null,
          null,
          null,
          1,
          9,
          9,
          162,
          162,
          null,
          9,
          null,
          null,
          null
        ]
      }
    },
    "timestamp": 1673932437
  }
}
